CRITICAL - 2022-06-24 16:16:54 --> Call to undefined function CodeIgniter\locale_set_default()
in SYSTEMPATH\CodeIgniter.php on line 193.
 1 ROOTPATH\spark(71): CodeIgniter\CodeIgniter->initialize()
ERROR - 2022-06-24 09:46:23 --> Error connecting to the database: Unknown database 'ci4'
ERROR - 2022-06-24 09:47:27 --> Error connecting to the database: Unknown database 'ci4'
ERROR - 2022-06-24 09:47:29 --> Error connecting to the database: Unknown database 'ci4'
CRITICAL - 2022-06-24 10:04:17 --> Invalid file: pages.index
in SYSTEMPATH/Exceptions/FrameworkException.php on line 33.
 1 SYSTEMPATH/View/View.php(201): CodeIgniter\Exceptions\FrameworkException::forInvalidFile('pages.index')
 2 SYSTEMPATH/Common.php(1135): CodeIgniter\View\View->render('pages.index', [], true)
 3 APPPATH/Controllers/Home.php(9): view('pages.index')
 4 SYSTEMPATH/CodeIgniter.php(896): App\Controllers\Home->index()
 5 SYSTEMPATH/CodeIgniter.php(466): CodeIgniter\CodeIgniter->runController(Object(App\Controllers\Home))
 6 SYSTEMPATH/CodeIgniter.php(349): CodeIgniter\CodeIgniter->handleRequest(null, Object(Config\Cache), false)
 7 FCPATH/index.php(55): CodeIgniter\CodeIgniter->run()
 8 SYSTEMPATH/Commands/Server/rewrite.php(43): require_once('FCPATH/index.php')
CRITICAL - 2022-06-24 11:07:51 --> Undefined property: CodeIgniter\View\View::$session
in APPPATH/Views/layouts/aside.php on line 16.
 1 APPPATH/Views/layouts/aside.php(16): CodeIgniter\Debug\Exceptions->errorHandler(2, 'Undefined property: CodeIgniter\\View\\View::$session', 'APPPATH/Views/layouts/aside.php', 16)
 2 SYSTEMPATH/View/View.php(213): include('APPPATH/Views/layouts/aside.php')
 3 SYSTEMPATH/View/View.php(216): CodeIgniter\View\View->CodeIgniter\View\{closure}()
 4 SYSTEMPATH/View/View.php(429): CodeIgniter\View\View->render('layouts/aside', null, true)
 5 APPPATH/Views/layouts/templates.php(36): CodeIgniter\View\View->include('layouts/aside')
 6 SYSTEMPATH/View/View.php(213): include('APPPATH/Views/layouts/templates.php')
 7 SYSTEMPATH/View/View.php(216): CodeIgniter\View\View->CodeIgniter\View\{closure}()
 8 SYSTEMPATH/View/View.php(229): CodeIgniter\View\View->render('layouts/templates', [], true)
 9 SYSTEMPATH/Common.php(1135): CodeIgniter\View\View->render('pages/index', [], true)
10 APPPATH/Controllers/Home.php(11): view('pages/index')
11 SYSTEMPATH/CodeIgniter.php(896): App\Controllers\Home->index()
12 SYSTEMPATH/CodeIgniter.php(466): CodeIgniter\CodeIgniter->runController(Object(App\Controllers\Home))
13 SYSTEMPATH/CodeIgniter.php(349): CodeIgniter\CodeIgniter->handleRequest(null, Object(Config\Cache), false)
14 FCPATH/index.php(55): CodeIgniter\CodeIgniter->run()
15 SYSTEMPATH/Commands/Server/rewrite.php(43): require_once('FCPATH/index.php')
CRITICAL - 2022-06-24 11:12:43 --> Undefined property: CodeIgniter\View\View::$session
in APPPATH/Views/layouts/aside.php on line 16.
 1 APPPATH/Views/layouts/aside.php(16): CodeIgniter\Debug\Exceptions->errorHandler(2, 'Undefined property: CodeIgniter\\View\\View::$session', 'APPPATH/Views/layouts/aside.php', 16)
 2 SYSTEMPATH/View/View.php(213): include('APPPATH/Views/layouts/aside.php')
 3 SYSTEMPATH/View/View.php(216): CodeIgniter\View\View->CodeIgniter\View\{closure}()
 4 SYSTEMPATH/View/View.php(429): CodeIgniter\View\View->render('layouts/aside', null, true)
 5 APPPATH/Views/layouts/templates.php(36): CodeIgniter\View\View->include('layouts/aside')
 6 SYSTEMPATH/View/View.php(213): include('APPPATH/Views/layouts/templates.php')
 7 SYSTEMPATH/View/View.php(216): CodeIgniter\View\View->CodeIgniter\View\{closure}()
 8 SYSTEMPATH/View/View.php(229): CodeIgniter\View\View->render('layouts/templates', [], true)
 9 SYSTEMPATH/Common.php(1135): CodeIgniter\View\View->render('pages/index', [], true)
10 APPPATH/Controllers/Home.php(11): view('pages/index')
11 SYSTEMPATH/CodeIgniter.php(896): App\Controllers\Home->index()
12 SYSTEMPATH/CodeIgniter.php(466): CodeIgniter\CodeIgniter->runController(Object(App\Controllers\Home))
13 SYSTEMPATH/CodeIgniter.php(349): CodeIgniter\CodeIgniter->handleRequest(null, Object(Config\Cache), false)
14 FCPATH/index.php(55): CodeIgniter\CodeIgniter->run()
15 SYSTEMPATH/Commands/Server/rewrite.php(43): require_once('FCPATH/index.php')
CRITICAL - 2022-06-24 11:13:09 --> Undefined property: CodeIgniter\View\View::$session
in APPPATH/Views/layouts/aside.php on line 16.
 1 APPPATH/Views/layouts/aside.php(16): CodeIgniter\Debug\Exceptions->errorHandler(2, 'Undefined property: CodeIgniter\\View\\View::$session', 'APPPATH/Views/layouts/aside.php', 16)
 2 SYSTEMPATH/View/View.php(213): include('APPPATH/Views/layouts/aside.php')
 3 SYSTEMPATH/View/View.php(216): CodeIgniter\View\View->CodeIgniter\View\{closure}()
 4 SYSTEMPATH/View/View.php(429): CodeIgniter\View\View->render('layouts/aside', null, true)
 5 APPPATH/Views/layouts/templates.php(36): CodeIgniter\View\View->include('layouts/aside')
 6 SYSTEMPATH/View/View.php(213): include('APPPATH/Views/layouts/templates.php')
 7 SYSTEMPATH/View/View.php(216): CodeIgniter\View\View->CodeIgniter\View\{closure}()
 8 SYSTEMPATH/View/View.php(229): CodeIgniter\View\View->render('layouts/templates', [], true)
 9 SYSTEMPATH/Common.php(1135): CodeIgniter\View\View->render('pages/index', [], true)
10 APPPATH/Controllers/Home.php(11): view('pages/index')
11 SYSTEMPATH/CodeIgniter.php(896): App\Controllers\Home->index()
12 SYSTEMPATH/CodeIgniter.php(466): CodeIgniter\CodeIgniter->runController(Object(App\Controllers\Home))
13 SYSTEMPATH/CodeIgniter.php(349): CodeIgniter\CodeIgniter->handleRequest(null, Object(Config\Cache), false)
14 FCPATH/index.php(55): CodeIgniter\CodeIgniter->run()
15 SYSTEMPATH/Commands/Server/rewrite.php(43): require_once('FCPATH/index.php')
CRITICAL - 2022-06-24 11:14:13 --> Undefined property: CodeIgniter\View\View::$session
in APPPATH/Views/layouts/aside.php on line 17.
 1 APPPATH/Views/layouts/aside.php(17): CodeIgniter\Debug\Exceptions->errorHandler(2, 'Undefined property: CodeIgniter\\View\\View::$session', 'APPPATH/Views/layouts/aside.php', 17)
 2 SYSTEMPATH/View/View.php(213): include('APPPATH/Views/layouts/aside.php')
 3 SYSTEMPATH/View/View.php(216): CodeIgniter\View\View->CodeIgniter\View\{closure}()
 4 SYSTEMPATH/View/View.php(429): CodeIgniter\View\View->render('layouts/aside', null, true)
 5 APPPATH/Views/layouts/templates.php(36): CodeIgniter\View\View->include('layouts/aside')
 6 SYSTEMPATH/View/View.php(213): include('APPPATH/Views/layouts/templates.php')
 7 SYSTEMPATH/View/View.php(216): CodeIgniter\View\View->CodeIgniter\View\{closure}()
 8 SYSTEMPATH/View/View.php(229): CodeIgniter\View\View->render('layouts/templates', [], true)
 9 SYSTEMPATH/Common.php(1135): CodeIgniter\View\View->render('pages/index', [], true)
10 APPPATH/Controllers/Home.php(11): view('pages/index')
11 SYSTEMPATH/CodeIgniter.php(896): App\Controllers\Home->index()
12 SYSTEMPATH/CodeIgniter.php(466): CodeIgniter\CodeIgniter->runController(Object(App\Controllers\Home))
13 SYSTEMPATH/CodeIgniter.php(349): CodeIgniter\CodeIgniter->handleRequest(null, Object(Config\Cache), false)
14 FCPATH/index.php(55): CodeIgniter\CodeIgniter->run()
15 SYSTEMPATH/Commands/Server/rewrite.php(43): require_once('FCPATH/index.php')
CRITICAL - 2022-06-24 11:19:50 --> Undefined variable $helper
in APPPATH/Views/layouts/aside.php on line 16.
 1 APPPATH/Views/layouts/aside.php(16): CodeIgniter\Debug\Exceptions->errorHandler(2, 'Undefined variable $helper', 'APPPATH/Views/layouts/aside.php', 16)
 2 SYSTEMPATH/View/View.php(213): include('APPPATH/Views/layouts/aside.php')
 3 SYSTEMPATH/View/View.php(216): CodeIgniter\View\View->CodeIgniter\View\{closure}()
 4 SYSTEMPATH/View/View.php(429): CodeIgniter\View\View->render('layouts/aside', null, true)
 5 APPPATH/Views/layouts/templates.php(36): CodeIgniter\View\View->include('layouts/aside')
 6 SYSTEMPATH/View/View.php(213): include('APPPATH/Views/layouts/templates.php')
 7 SYSTEMPATH/View/View.php(216): CodeIgniter\View\View->CodeIgniter\View\{closure}()
 8 SYSTEMPATH/View/View.php(229): CodeIgniter\View\View->render('layouts/templates', [], true)
 9 SYSTEMPATH/Common.php(1135): CodeIgniter\View\View->render('pages/index', [], true)
10 APPPATH/Controllers/Home.php(11): view('pages/index')
11 SYSTEMPATH/CodeIgniter.php(896): App\Controllers\Home->index()
12 SYSTEMPATH/CodeIgniter.php(466): CodeIgniter\CodeIgniter->runController(Object(App\Controllers\Home))
13 SYSTEMPATH/CodeIgniter.php(349): CodeIgniter\CodeIgniter->handleRequest(null, Object(Config\Cache), false)
14 FCPATH/index.php(55): CodeIgniter\CodeIgniter->run()
15 SYSTEMPATH/Commands/Server/rewrite.php(43): require_once('FCPATH/index.php')
CRITICAL - 2022-06-24 11:22:58 --> Call to undefined method Myth\Auth\Config\Auth::user()
in APPPATH/Controllers/Home.php on line 12.
 1 SYSTEMPATH/CodeIgniter.php(896): App\Controllers\Home->index()
 2 SYSTEMPATH/CodeIgniter.php(466): CodeIgniter\CodeIgniter->runController(Object(App\Controllers\Home))
 3 SYSTEMPATH/CodeIgniter.php(349): CodeIgniter\CodeIgniter->handleRequest(null, Object(Config\Cache), false)
 4 FCPATH/index.php(55): CodeIgniter\CodeIgniter->run()
 5 SYSTEMPATH/Commands/Server/rewrite.php(43): require_once('FCPATH/index.php')
CRITICAL - 2022-06-24 11:40:55 --> Undefined property: App\Controllers\Home::$load
in APPPATH/Controllers/Home.php on line 12.
 1 APPPATH/Controllers/Home.php(12): CodeIgniter\Debug\Exceptions->errorHandler(2, 'Undefined property: App\\Controllers\\Home::$load', 'APPPATH/Controllers/Home.php', 12)
 2 SYSTEMPATH/CodeIgniter.php(896): App\Controllers\Home->index()
 3 SYSTEMPATH/CodeIgniter.php(466): CodeIgniter\CodeIgniter->runController(Object(App\Controllers\Home))
 4 SYSTEMPATH/CodeIgniter.php(349): CodeIgniter\CodeIgniter->handleRequest(null, Object(Config\Cache), false)
 5 FCPATH/index.php(55): CodeIgniter\CodeIgniter->run()
 6 SYSTEMPATH/Commands/Server/rewrite.php(43): require_once('FCPATH/index.php')
CRITICAL - 2022-06-24 11:41:05 --> Undefined property: App\Controllers\Home::$load
in APPPATH/Controllers/Home.php on line 12.
 1 APPPATH/Controllers/Home.php(12): CodeIgniter\Debug\Exceptions->errorHandler(2, 'Undefined property: App\\Controllers\\Home::$load', 'APPPATH/Controllers/Home.php', 12)
 2 SYSTEMPATH/CodeIgniter.php(896): App\Controllers\Home->index()
 3 SYSTEMPATH/CodeIgniter.php(466): CodeIgniter\CodeIgniter->runController(Object(App\Controllers\Home))
 4 SYSTEMPATH/CodeIgniter.php(349): CodeIgniter\CodeIgniter->handleRequest(null, Object(Config\Cache), false)
 5 FCPATH/index.php(55): CodeIgniter\CodeIgniter->run()
 6 SYSTEMPATH/Commands/Server/rewrite.php(43): require_once('FCPATH/index.php')
CRITICAL - 2022-06-24 11:41:06 --> Undefined property: App\Controllers\Home::$load
in APPPATH/Controllers/Home.php on line 12.
 1 APPPATH/Controllers/Home.php(12): CodeIgniter\Debug\Exceptions->errorHandler(2, 'Undefined property: App\\Controllers\\Home::$load', 'APPPATH/Controllers/Home.php', 12)
 2 SYSTEMPATH/CodeIgniter.php(896): App\Controllers\Home->index()
 3 SYSTEMPATH/CodeIgniter.php(466): CodeIgniter\CodeIgniter->runController(Object(App\Controllers\Home))
 4 SYSTEMPATH/CodeIgniter.php(349): CodeIgniter\CodeIgniter->handleRequest(null, Object(Config\Cache), false)
 5 FCPATH/index.php(55): CodeIgniter\CodeIgniter->run()
 6 SYSTEMPATH/Commands/Server/rewrite.php(43): require_once('FCPATH/index.php')
CRITICAL - 2022-06-24 11:41:07 --> Undefined property: App\Controllers\Home::$load
in APPPATH/Controllers/Home.php on line 12.
 1 APPPATH/Controllers/Home.php(12): CodeIgniter\Debug\Exceptions->errorHandler(2, 'Undefined property: App\\Controllers\\Home::$load', 'APPPATH/Controllers/Home.php', 12)
 2 SYSTEMPATH/CodeIgniter.php(896): App\Controllers\Home->index()
 3 SYSTEMPATH/CodeIgniter.php(466): CodeIgniter\CodeIgniter->runController(Object(App\Controllers\Home))
 4 SYSTEMPATH/CodeIgniter.php(349): CodeIgniter\CodeIgniter->handleRequest(null, Object(Config\Cache), false)
 5 FCPATH/index.php(55): CodeIgniter\CodeIgniter->run()
 6 SYSTEMPATH/Commands/Server/rewrite.php(43): require_once('FCPATH/index.php')
CRITICAL - 2022-06-24 12:22:52 --> Undefined array key "auth"
in APPPATH/Controllers/Home.php on line 13.
 1 APPPATH/Controllers/Home.php(13): CodeIgniter\Debug\Exceptions->errorHandler(2, 'Undefined array key "auth"', 'APPPATH/Controllers/Home.php', 13)
 2 SYSTEMPATH/CodeIgniter.php(896): App\Controllers\Home->index()
 3 SYSTEMPATH/CodeIgniter.php(466): CodeIgniter\CodeIgniter->runController(Object(App\Controllers\Home))
 4 SYSTEMPATH/CodeIgniter.php(349): CodeIgniter\CodeIgniter->handleRequest(null, Object(Config\Cache), false)
 5 FCPATH/index.php(55): CodeIgniter\CodeIgniter->run()
 6 SYSTEMPATH/Commands/Server/rewrite.php(43): require_once('FCPATH/index.php')
CRITICAL - 2022-06-24 12:30:44 --> Undefined array key "auth"
in APPPATH/Controllers/Home.php on line 13.
 1 APPPATH/Controllers/Home.php(13): CodeIgniter\Debug\Exceptions->errorHandler(2, 'Undefined array key "auth"', 'APPPATH/Controllers/Home.php', 13)
 2 SYSTEMPATH/CodeIgniter.php(896): App\Controllers\Home->index()
 3 SYSTEMPATH/CodeIgniter.php(466): CodeIgniter\CodeIgniter->runController(Object(App\Controllers\Home))
 4 SYSTEMPATH/CodeIgniter.php(349): CodeIgniter\CodeIgniter->handleRequest(null, Object(Config\Cache), false)
 5 FCPATH/index.php(55): CodeIgniter\CodeIgniter->run()
 6 SYSTEMPATH/Commands/Server/rewrite.php(43): require_once('FCPATH/index.php')
CRITICAL - 2022-06-24 12:30:46 --> Undefined array key "auth"
in APPPATH/Controllers/Home.php on line 13.
 1 APPPATH/Controllers/Home.php(13): CodeIgniter\Debug\Exceptions->errorHandler(2, 'Undefined array key "auth"', 'APPPATH/Controllers/Home.php', 13)
 2 SYSTEMPATH/CodeIgniter.php(896): App\Controllers\Home->index()
 3 SYSTEMPATH/CodeIgniter.php(466): CodeIgniter\CodeIgniter->runController(Object(App\Controllers\Home))
 4 SYSTEMPATH/CodeIgniter.php(349): CodeIgniter\CodeIgniter->handleRequest(null, Object(Config\Cache), false)
 5 FCPATH/index.php(55): CodeIgniter\CodeIgniter->run()
 6 SYSTEMPATH/Commands/Server/rewrite.php(43): require_once('FCPATH/index.php')
CRITICAL - 2022-06-24 12:30:55 --> Object of class Myth\Auth\Entities\User could not be converted to string
in APPPATH/Views/layouts/aside.php on line 16.
 1 SYSTEMPATH/View/View.php(213): include()
 2 SYSTEMPATH/View/View.php(216): CodeIgniter\View\View->CodeIgniter\View\{closure}()
 3 SYSTEMPATH/View/View.php(429): CodeIgniter\View\View->render('layouts/aside', null, true)
 4 APPPATH/Views/layouts/templates.php(36): CodeIgniter\View\View->include('layouts/aside')
 5 SYSTEMPATH/View/View.php(213): include('APPPATH/Views/layouts/templates.php')
 6 SYSTEMPATH/View/View.php(216): CodeIgniter\View\View->CodeIgniter\View\{closure}()
 7 SYSTEMPATH/View/View.php(229): CodeIgniter\View\View->render('layouts/templates', [], true)
 8 SYSTEMPATH/Common.php(1135): CodeIgniter\View\View->render('pages/index', [], true)
 9 APPPATH/Controllers/Home.php(13): view('pages/index')
10 SYSTEMPATH/CodeIgniter.php(896): App\Controllers\Home->index()
11 SYSTEMPATH/CodeIgniter.php(466): CodeIgniter\CodeIgniter->runController(Object(App\Controllers\Home))
12 SYSTEMPATH/CodeIgniter.php(349): CodeIgniter\CodeIgniter->handleRequest(null, Object(Config\Cache), false)
13 FCPATH/index.php(55): CodeIgniter\CodeIgniter->run()
14 SYSTEMPATH/Commands/Server/rewrite.php(43): require_once('FCPATH/index.php')
ERROR - 2022-06-24 22:04:26 --> Unknown table 'eventorganizer.kategori_peserta'
ERROR - 2022-06-24 23:24:10 --> Unknown column 'password' in 'field list'
ERROR - 2022-06-24 23:25:54 --> Duplicate entry 'admin@gmail.com' for key 'users.email'
ERROR - 2022-06-24 23:52:16 --> Duplicate entry 'admin@gmail.com' for key 'users.email'
